Capturing: Login Page О“ГҘГҶ 01-login.png
  О“ВЈГҙ Saved 01-login.png

Logging in...
Logged in successfully.

Capturing: DonorCRM Dashboard О“ГҘГҶ 02-donor-dashboard.png
  О“ВЈГҙ Saved 02-donor-dashboard.png
Capturing: Constituents О“ГҘГҶ 03-constituents.png
  О“ВЈГҙ Saved 03-constituents.png
Capturing: Donations О“ГҘГҶ 04-donations.png
  О“ВЈГҙ Saved 04-donations.png
Capturing: Campaigns О“ГҘГҶ 05-campaigns.png
  О“ВЈГҙ Saved 05-campaigns.png
Capturing: Grants О“ГҘГҶ 06-grants.png
  О“ВЈГҙ Saved 06-grants.png
Capturing: Tasks О“ГҘГҶ 07-tasks.png
  О“ВЈГҙ Saved 07-tasks.png
Capturing: Meetings О“ГҘГҶ 08-meetings.png
  О“ВЈГҙ Saved 08-meetings.png
Capturing: Communications О“ГҘГҶ 09-communications.png
  О“ВЈГҙ Saved 09-communications.png
Capturing: Steward Signals О“ГҘГҶ 10-steward-signals.png
  О“ВЈГҙ Saved 10-steward-signals.png
Capturing: Volunteers О“ГҘГҶ 11-volunteers.png
  О“ВЈГҙ Saved 11-volunteers.png
Capturing: Reports О“ГҘГҶ 12-reports.png
  О“ВЈГҙ Saved 12-reports.png
Capturing: Data Import О“ГҘГҶ 13-data-import.png
  О“ВЈГҙ Saved 13-data-import.png
Capturing: Events О“ГҘГҶ 14-events.png
  О“ВЈГҙ Saved 14-events.png
Capturing: Compassion Dashboard О“ГҘГҶ 15-compassion-dashboard.png
  О“ВЈГҙ Saved 15-compassion-dashboard.png
Capturing: Compassion Clients О“ГҘГҶ 16-compassion-clients.png
  О“ВЈГҙ Saved 16-compassion-clients.png
Capturing: OyamaWatchdog О“ГҘГҶ 17-watchdog.png
  О“ВЈГҙ Saved 17-watchdog.png
Capturing: OyamaWebMaster О“ГҘГҶ 18-webmaster.png
  О“ВЈГҙ Saved 18-webmaster.png
Capturing: Settings О“ГҘГҶ 19-settings.png
  О“ВЈГҙ Saved 19-settings.png

All screenshots saved to README_SCREENSHOTS/
