=== START pnpm-build ===
START_UTC: 2026-05-13T04:19:55.8517879Z
COMMAND: pnpm build

> agents-create-oyamam-crm-workspace@0.3.0 build C:\Users\James\Documents\GitHub\OyamaCRM
> next build

Î“Ă»â–“ Next.js 16.2.5 (Turbopack)
- Environments: .env.production, .env

  Creating an optimized production build ...
Î“ÂŁĂ´ Compiled successfully in 6.7s
  Running TypeScript ...
  Finished TypeScript in 20.7s ...
  Collecting page data using 23 workers ...
  Generating static pages using 23 workers (0/116) ...
  Generating static pages using 23 workers (29/116) 
  Generating static pages using 23 workers (58/116) 
  Generating static pages using 23 workers (87/116) 
Î“ÂŁĂ´ Generating static pages using 23 workers (116/116) in 824ms
  Finalizing page optimization ...

Route (app)
Î“Ă¶Ă® Î“ĂąĂŻ /
Î“Ă¶ÂŁ Î“ĂąĂŻ /_not-found
Î“Ă¶ÂŁ Î“ĂąĂŻ /apple-icon.png
Î“Ă¶ÂŁ Î“ĂąĂŻ /apps
Î“Ă¶ÂŁ Î“ĂąĂŻ /apps/trivia
Î“Ă¶ÂŁ â•žĂ† /apps/trivia/display/[eventId]
Î“Ă¶ÂŁ Î“ĂąĂŻ /apps/trivia/events
Î“Ă¶ÂŁ â•žĂ† /apps/trivia/events/[eventId]/answer-key
Î“Ă¶ÂŁ â•žĂ† /apps/trivia/events/[eventId]/builder
Î“Ă¶ÂŁ â•žĂ† /apps/trivia/events/[eventId]/host
Î“Ă¶ÂŁ â•žĂ† /apps/trivia/events/[eventId]/scores
Î“Ă¶ÂŁ Î“ĂąĂŻ /apps/trivia/events/new
Î“Ă¶ÂŁ Î“ĂąĂŻ /automations
Î“Ă¶ÂŁ Î“ĂąĂŻ /board
Î“Ă¶ÂŁ Î“ĂąĂŻ /campaigns
Î“Ă¶ÂŁ â•žĂ† /campaigns/[id]
Î“Ă¶ÂŁ Î“ĂąĂŻ /communications
Î“Ă¶ÂŁ â•žĂ† /communications/[campaignId]
Î“Ă¶ÂŁ Î“ĂąĂŻ /compassion/activities
Î“Ă¶ÂŁ Î“ĂąĂŻ /compassion/appointments
Î“Ă¶ÂŁ Î“ĂąĂŻ /compassion/assessments
Î“Ă¶ÂŁ Î“ĂąĂŻ /compassion/care-plans
Î“Ă¶ÂŁ Î“ĂąĂŻ /compassion/cases
Î“Ă¶ÂŁ Î“ĂąĂŻ /compassion/clients
Î“Ă¶ÂŁ â•žĂ† /compassion/clients/[id]
Î“Ă¶ÂŁ Î“ĂąĂŻ /compassion/communications
Î“Ă¶ÂŁ Î“ĂąĂŻ /compassion/dashboard
Î“Ă¶ÂŁ Î“ĂąĂŻ /compassion/dashboards
Î“Ă¶ÂŁ Î“ĂąĂŻ /compassion/data-tools
Î“Ă¶ÂŁ Î“ĂąĂŻ /compassion/families
Î“Ă¶ÂŁ Î“ĂąĂŻ /compassion/follow-ups
Î“Ă¶ÂŁ Î“ĂąĂŻ /compassion/import/clients
Î“Ă¶ÂŁ â•žĂ† /compassion/public/appointments/[token]
Î“Ă¶ÂŁ Î“ĂąĂŻ /compassion/reports
Î“Ă¶ÂŁ Î“ĂąĂŻ /compassion/settings
Î“Ă¶ÂŁ Î“ĂąĂŻ /compassion/settings/staff
Î“Ă¶ÂŁ Î“ĂąĂŻ /compassion/tasks
Î“Ă¶ÂŁ Î“ĂąĂŻ /constituents
Î“Ă¶ÂŁ â•žĂ† /constituents/[id]
Î“Ă¶ÂŁ â•žĂ† /constituents/[id]/edit
Î“Ă¶ÂŁ Î“ĂąĂŻ /constituents/new
Î“Ă¶ÂŁ Î“ĂąĂŻ /custom-fields
Î“Ă¶ÂŁ Î“ĂąĂŻ /data-tools
Î“Ă¶ÂŁ Î“ĂąĂŻ /data-tools/import
Î“Ă¶ÂŁ Î“ĂąĂŻ /data-tools/import/donation
Î“Ă¶ÂŁ Î“ĂąĂŻ /donations
Î“Ă¶ÂŁ â•žĂ† /donations/[id]/edit
Î“Ă¶ÂŁ Î“ĂąĂŻ /donations/new
Î“Ă¶ÂŁ â•žĂ† /email-builder
Î“Ă¶ÂŁ Î“ĂąĂŻ /events
Î“Ă¶ÂŁ â•žĂ† /events/[eventId]
Î“Ă¶ÂŁ â•žĂ† /events/[eventId]/check-in
Î“Ă¶ÂŁ â•žĂ† /events/[eventId]/communications
Î“Ă¶ÂŁ â•žĂ† /events/[eventId]/files
Î“Ă¶ÂŁ â•žĂ† /events/[eventId]/fundraising
Î“Ă¶ÂŁ â•žĂ† /events/[eventId]/guests
Î“Ă¶ÂŁ â•žĂ† /events/[eventId]/orders
Î“Ă¶ÂŁ â•žĂ† /events/[eventId]/overview
Î“Ă¶ÂŁ â•žĂ† /events/[eventId]/reports
Î“Ă¶ÂŁ â•žĂ† /events/[eventId]/settings
Î“Ă¶ÂŁ â•žĂ† /events/[eventId]/sponsors
Î“Ă¶ÂŁ â•žĂ† /events/[eventId]/tables
Î“Ă¶ÂŁ â•žĂ† /events/[eventId]/tasks
Î“Ă¶ÂŁ â•žĂ† /events/[eventId]/tickets
Î“Ă¶ÂŁ â•žĂ† /events/[eventId]/volunteers
Î“Ă¶ÂŁ Î“ĂąĂŻ /events/check-in
Î“Ă¶ÂŁ Î“ĂąĂŻ /events/communications
Î“Ă¶ÂŁ Î“ĂąĂŻ /events/events
Î“Ă¶ÂŁ Î“ĂąĂŻ /events/files
Î“Ă¶ÂŁ Î“ĂąĂŻ /events/fundraising
Î“Ă¶ÂŁ Î“ĂąĂŻ /events/guests
Î“Ă¶ÂŁ Î“ĂąĂŻ /events/orders
Î“Ă¶ÂŁ Î“ĂąĂŻ /events/page-builder
Î“Ă¶ÂŁ Î“ĂąĂŻ /events/reports
Î“Ă¶ÂŁ Î“ĂąĂŻ /events/settings
Î“Ă¶ÂŁ Î“ĂąĂŻ /events/setup
Î“Ă¶ÂŁ Î“ĂąĂŻ /events/sponsors
Î“Ă¶ÂŁ Î“ĂąĂŻ /events/tables
Î“Ă¶ÂŁ Î“ĂąĂŻ /events/tasks
Î“Ă¶ÂŁ Î“ĂąĂŻ /events/templates
Î“Ă¶ÂŁ Î“ĂąĂŻ /events/tickets
Î“Ă¶ÂŁ Î“ĂąĂŻ /events/volunteers
Î“Ă¶ÂŁ Î“ĂąĂŻ /events/workspace
Î“Ă¶ÂŁ Î“ĂąĂŻ /grants
Î“Ă¶ÂŁ â•žĂ† /grants/[id]
Î“Ă¶ÂŁ â•žĂ† /help
Î“Ă¶ÂŁ â•žĂ† /help/[slug]
Î“Ă¶ÂŁ Î“ĂąĂŻ /hrm
Î“Ă¶ÂŁ Î“ĂąĂŻ /hrm/locations
Î“Ă¶ÂŁ Î“ĂąĂŻ /hrm/messages
Î“Ă¶ÂŁ Î“ĂąĂŻ /hrm/people
Î“Ă¶ÂŁ Î“ĂąĂŻ /hrm/scheduling
Î“Ă¶ÂŁ Î“ĂąĂŻ /hrm/settings
Î“Ă¶ÂŁ Î“ĂąĂŻ /icon.png
Î“Ă¶ÂŁ Î“ĂąĂŻ /letters-printables
Î“Ă¶ÂŁ Î“ĂąĂŻ /letters-printables/branding
Î“Ă¶ÂŁ Î“ĂąĂŻ /letters-printables/generate
Î“Ă¶ÂŁ Î“ĂąĂŻ /letters-printables/generated
Î“Ă¶ÂŁ Î“ĂąĂŻ /letters-printables/signatures
Î“Ă¶ÂŁ Î“ĂąĂŻ /letters-printables/templates
Î“Ă¶ÂŁ â•žĂ† /letters-printables/templates/[templateId]
Î“Ă¶ÂŁ Î“ĂąĂŻ /letters-printables/templates/new
Î“Ă¶ÂŁ Î“ĂąĂŻ /livecom
Î“Ă¶ÂŁ Î“ĂąĂŻ /login
Î“Ă¶ÂŁ Î“ĂąĂŻ /meetings
Î“Ă¶ÂŁ Î“ĂąĂŻ /ogentic
Î“Ă¶ÂŁ Î“ĂąĂŻ /payments
Î“Ă¶ÂŁ Î“ĂąĂŻ /quickbooks-sync
Î“Ă¶ÂŁ Î“ĂąĂŻ /reports
Î“Ă¶ÂŁ Î“ĂąĂŻ /settings
Î“Ă¶ÂŁ Î“ĂąĂŻ /settings/ai
Î“Ă¶ÂŁ Î“ĂąĂŻ /settings/audit
Î“Ă¶ÂŁ Î“ĂąĂŻ /settings/branding
Î“Ă¶ÂŁ Î“ĂąĂŻ /settings/compassion
Î“Ă¶ÂŁ Î“ĂąĂŻ /settings/desktop-app
Î“Ă¶ÂŁ Î“ĂąĂŻ /settings/donor
Î“Ă¶ÂŁ Î“ĂąĂŻ /settings/email
Î“Ă¶ÂŁ Î“ĂąĂŻ /settings/events
Î“Ă¶ÂŁ Î“ĂąĂŻ /settings/forms
Î“Ă¶ÂŁ Î“ĂąĂŻ /settings/import-export
Î“Ă¶ÂŁ Î“ĂąĂŻ /settings/integrations
Î“Ă¶ÂŁ Î“ĂąĂŻ /settings/meetings
Î“Ă¶ÂŁ Î“ĂąĂŻ /settings/modules
Î“Ă¶ÂŁ Î“ĂąĂŻ /settings/organization
Î“Ă¶ÂŁ Î“ĂąĂŻ /settings/plugins
Î“Ă¶ÂŁ Î“ĂąĂŻ /settings/project-status
Î“Ă¶ÂŁ Î“ĂąĂŻ /settings/roles
Î“Ă¶ÂŁ Î“ĂąĂŻ /settings/scheduling
Î“Ă¶ÂŁ Î“ĂąĂŻ /settings/security
Î“Ă¶ÂŁ Î“ĂąĂŻ /settings/site-embeds
Î“Ă¶ÂŁ Î“ĂąĂŻ /settings/system
Î“Ă¶ÂŁ Î“ĂąĂŻ /settings/system-status
Î“Ă¶ÂŁ Î“ĂąĂŻ /settings/tasks
Î“Ă¶ÂŁ Î“ĂąĂŻ /settings/users
Î“Ă¶ÂŁ Î“ĂąĂŻ /settings/workspaces
Î“Ă¶ÂŁ Î“ĂąĂŻ /setup
Î“Ă¶ÂŁ Î“ĂąĂŻ /steward-ai-workspace
Î“Ă¶ÂŁ Î“ĂąĂŻ /steward-signals
Î“Ă¶ÂŁ Î“ĂąĂŻ /tasks
Î“Ă¶ÂŁ Î“ĂąĂŻ /volunteers
Î“Ă¶ÂŁ Î“ĂąĂŻ /watchdog
Î“Ă¶ÂŁ Î“ĂąĂŻ /watchdog/feedback-tickets
Î“Ă¶ÂŁ Î“ĂąĂŻ /webmaster
Î“Ă¶ÂŁ â•žĂ† /webmaster/[workspace]
Î“Ă¶Ă¶ Î“ĂąĂŻ /webmaster/builder


Î“ĂąĂŻ  (Static)   prerendered as static content
â•žĂ†  (Dynamic)  server-rendered on demand

END_UTC: 2026-05-13T04:20:29.0804409Z
EXIT_CODE: 0
